Arguments: 
  /usr/local/bin/node /usr/local/bin/yarn

PATH: 
  /usr/local/bin:/usr/bin:/bin:/usr/sbin:/sbin:/Applications/MySQLWorkbench.app/Contents/MacOS:/Users/odin/.rvm/bin:/Applications/MySQLWorkbench.app/Contents/MacOS:/Users/odin/.rvm/bin

Yarn version: 
  1.8.0

Node version: 
  9.3.0

Platform: 
  darwin x64

Trace: 
  SyntaxError: /Users/odin/home_projects/codin_modules/elements/intersection/package.json: Unexpected token } in JSON at position 629
      at JSON.parse (<anonymous>)
      at /usr/local/lib/node_modules/yarn/lib/cli.js:1130:59
      at Generator.next (<anonymous>)
      at step (/usr/local/lib/node_modules/yarn/lib/cli.js:98:30)
      at /usr/local/lib/node_modules/yarn/lib/cli.js:109:13
      at <anonymous>

npm manifest: 
  {
    "name": "@codin/cwc-intersection",
    "version": "0.0.1",
    "description": "Panel that implements intersection observer, triggers events when intersecting",
    "author": "Odin thomas Rochmann",
    "license": "MIT",
    "private": false,
    "main": "index.js",
    "unpkg": "dist/intersection.js",
    "module": "dist/intersection.mjs",
    "files": [
      "package.json",
      "LICENSE",
      "README.md",
      "dist",
      "src"
    ],
    "scripts": {
      "prebuild": "tsc",
      "build": "rollup -c"
    },
    "devDependencies": {
      "@babel/core": "^7.0.1",
      "@webcomponents/webcomponentsjs": "^2.1.2",
      "rollup-plugin-babel": "^4.0.3",
    }
  }

yarn manifest: 
  No manifest

Lockfile: 
  No lockfile
