0 silly input []
1 silly flags { _: [ 'bootstrap' ],
1 silly flags   'reject-cycles': false,
1 silly flags   rejectCycles: false,
1 silly flags   args: [] }
2 verbose rootPath /Users/odin/home_projects/codin_modules
3 info version 2.11.0
4 silly existsSync /Users/odin/home_projects/codin_modules/VERSION
5 silly initialize attempt
6 silly npmConfig { registry: undefined,
6 silly npmConfig   npmClient: 'yarn',
6 silly npmConfig   npmClientArgs: undefined,
6 silly npmConfig   mutex: 'network:42424' }
7 silly initialize success
8 silly execute attempt
9 info Bootstrapping 5 packages
10 silly installInDirOriginalPackageJson /Users/odin/home_projects/codin_modules
11 silly getExecOpts { cwd: '/Users/odin/home_projects/codin_modules' }
12 silly installInDir [ 'yarn',
12 silly installInDir   [ 'install', '--mutex', 'network:42424', '--non-interactive' ] ]
13 error execute callback with error
14 error Error: Command failed: yarn install --mutex network:42424 --non-interactive
14 error error Couldn't find package "@webcomponents/webcomponentsjs@^2.1.3" required by "@codin/cwc-intersection@0.0.2" on the "npm" registry.
14 error yarn install v1.8.0
14 error [1/4] Resolving packages...
14 error info Visit https://yarnpkg.com/en/docs/cli/install for documentation about this command.
14 error
14 error     at Promise.all.then.arr (/usr/local/lib/node_modules/lerna/node_modules/execa/index.js:236:11)
14 error     at <anonymous>
